<?xml version="1.0" encoding="UTF-8"?>
<testng-results ignored="0" total="1" passed="1" failed="0" skipped="0">
  <reporter-output>
  </reporter-output>
  <suite started-at="2023-08-16T17:15:11 EET" name="Surefire suite" finished-at="2023-08-16T17:15:16 EET" duration-ms="5341">
    <groups>
    </groups>
    <test started-at="2023-08-16T17:15:11 EET" name="Surefire test" finished-at="2023-08-16T17:15:16 EET" duration-ms="5341">
      <class name="tests.SearchTest">
        <test-method is-config="true" signature="setup()[pri:0, instance:tests.SearchTest@62058742]" started-at="2023-08-16T17:15:11 EET" name="setup" finished-at="2023-08-16T17:15:13 EET" duration-ms="2115" status="PASS">
          <reporter-output>
          </reporter-output>
        </test-method> <!-- setup -->
        <test-method signature="searchTest1()[pri:0, instance:tests.SearchTest@62058742]" started-at="2023-08-16T17:15:13 EET" name="searchTest1" description="Ebay search validation" finished-at="2023-08-16T17:15:16 EET" duration-ms="3013" status="PASS">
          <reporter-output>
          </reporter-output>
        </test-method> <!-- searchTest1 -->
        <test-method is-config="true" signature="tearDown()[pri:0, instance:tests.SearchTest@62058742]" started-at="2023-08-16T17:15:16 EET" name="tearDown" finished-at="2023-08-16T17:15:16 EET" duration-ms="113" status="PASS">
          <reporter-output>
          </reporter-output>
        </test-method> <!-- tearDown -->
      </class> <!-- tests.SearchTest -->
    </test> <!-- Surefire test -->
  </suite> <!-- Surefire suite -->
</testng-results>
